<?xml version="1.0" encoding="UTF-8"?>
<!-- Generated by org.testng.reporters.JUnitXMLReporter -->
<testsuite hostname="LAPTOP-VSC0O2AJ" ignored="0" name="Default test" tests="8" failures="0" timestamp="2023-03-21T19:01:34 ICT" time="13.671" errors="0">
  <testcase name="lableTittle" time="0.065" classname="testLoginPage.NewTestLoginPage"/>
  <testcase name="test_login_false_1" time="0.351" classname="testLoginPage.NewTestLoginPage"/>
  <testcase name="test_login_false_2" time="0.357" classname="testLoginPage.NewTestLoginPage"/>
  <testcase name="test_login_false_4" time="0.334" classname="testLoginPage.NewTestLoginPage"/>
  <testcase name="test_login_false_5" time="0.349" classname="testLoginPage.NewTestLoginPage"/>
  <testcase name="test_login_lockout" time="0.537" classname="testLoginPage.NewTestLoginPage"/>
  <testcase name="test_login_success" time="0.503" classname="testLoginPage.NewTestLoginPage"/>
  <testcase name="test_login_false_3" time="0.296" classname="testLoginPage.NewTestLoginPage"/>
</testsuite> <!-- Default test -->
