<?xml version="1.0" encoding="UTF-8" standalone="no"?><testsuite errors="0" failures="4" name="Contact Function" skipped="0" tests="6" time="77.78" timestamp="2023-05-24 08:40:38"><testcase name="Confirm user can send massage with email, name and message are filled in."/><testcase name="Confirm user can not send massage when entering invalid format of email."><failure message="expected [please re-enter your email format properly.] but found [Thanks for the message!!]" type="java.lang.AssertionError">expected [please re-enter your email format properly.] but found [Thanks for the message!!]</failure><system-err>expected [please re-enter your email format properly.] but found [Thanks for the message!!]&#13;
step_cucumberContact.ContactButtonSteps.confirmSendMessage(ContactButtonSteps.java:38)&#13;
✽.Confirm "please re-enter your email format properly."(file:///D:/download/ân/CaseStudySelenium_TranNNH/src/test/resources/feature/contact.feature:16)&#13;
</system-err></testcase><testcase name="Confirm user can not send massage when email is left blank."><failure message="expected [please fill out email.] but found [Thanks for the message!!]" type="java.lang.AssertionError">expected [please fill out email.] but found [Thanks for the message!!]</failure><system-err>expected [please fill out email.] but found [Thanks for the message!!]&#13;
step_cucumberContact.ContactButtonSteps.confirmSendMessage(ContactButtonSteps.java:38)&#13;
✽.Confirm "please fill out email."(file:///D:/download/ân/CaseStudySelenium_TranNNH/src/test/resources/feature/contact.feature:25)&#13;
</system-err></testcase><testcase name="Confirm user can not send massage when name is left blank."><failure message="expected [please fill out name.] but found [Thanks for the message!!]" type="java.lang.AssertionError">expected [please fill out name.] but found [Thanks for the message!!]</failure><system-err>expected [please fill out name.] but found [Thanks for the message!!]&#13;
step_cucumberContact.ContactButtonSteps.confirmSendMessage(ContactButtonSteps.java:38)&#13;
✽.Confirm "please fill out name."(file:///D:/download/ân/CaseStudySelenium_TranNNH/src/test/resources/feature/contact.feature:34)&#13;
</system-err></testcase><testcase name="Confirm user can not send massage when message is left blank."><failure message="expected [please fill out message.] but found [Thanks for the message!!]" type="java.lang.AssertionError">expected [please fill out message.] but found [Thanks for the message!!]</failure><system-err>expected [please fill out message.] but found [Thanks for the message!!]&#13;
step_cucumberContact.ContactButtonSteps.confirmSendMessage(ContactButtonSteps.java:38)&#13;
✽.Confirm "please fill out message."(file:///D:/download/ân/CaseStudySelenium_TranNNH/src/test/resources/feature/contact.feature:43)&#13;
</system-err></testcase><testcase name="Confirm user can close send message dialog when clicking on the close button."/></testsuite>